startprogram -> (-1, -1)
var -> (-1, -1)
integer -> (-1, -1)
identifier -> (15, 0)
, -> (-1, -1)
identifier -> (15, 1)
, -> (-1, -1)
identifier -> (39, 0)
, -> (-1, -1)
identifier -> (41, 0)
, -> (-1, -1)
identifier -> (44, 0)
, -> (-1, -1)
identifier -> (42, 0)
; -> (-1, -1)
identifier -> (15, 0)
= -> (-1, -1)
int const -> (10, 0)
; -> (-1, -1)
identifier -> (39, 0)
= -> (-1, -1)
int const -> (8, 0)
; -> (-1, -1)
identifier -> (41, 0)
= -> (-1, -1)
int const -> (12, 0)
; -> (-1, -1)
if -> (-1, -1)
identifier -> (15, 0)
> -> (-1, -1)
= -> (-1, -1)
identifier -> (39, 0)
and -> (-1, -1)
identifier -> (15, 0)
> -> (-1, -1)
= -> (-1, -1)
identifier -> (41, 0)
then -> (-1, -1)
identifier -> (44, 0)
= -> (-1, -1)
identifier -> (15, 0)
; -> (-1, -1)
else -> (-1, -1)
if -> (-1, -1)
identifier -> (39, 0)
> -> (-1, -1)
= -> (-1, -1)
identifier -> (15, 0)
and -> (-1, -1)
identifier -> (39, 0)
> -> (-1, -1)
= -> (-1, -1)
identifier -> (41, 0)
then -> (-1, -1)
identifier -> (44, 0)
= -> (-1, -1)
identifier -> (39, 0)
; -> (-1, -1)
else -> (-1, -1)
identifier -> (44, 0)
= -> (-1, -1)
identifier -> (41, 0)
; -> (-1, -1)
endif -> (-1, -1)
endif -> (-1, -1)
if -> (-1, -1)
identifier -> (15, 0)
< -> (-1, -1)
= -> (-1, -1)
identifier -> (39, 0)
and -> (-1, -1)
identifier -> (15, 0)
< -> (-1, -1)
= -> (-1, -1)
identifier -> (41, 0)
then -> (-1, -1)
identifier -> (42, 0)
= -> (-1, -1)
identifier -> (15, 0)
; -> (-1, -1)
else -> (-1, -1)
if -> (-1, -1)
identifier -> (39, 0)
< -> (-1, -1)
= -> (-1, -1)
identifier -> (15, 0)
and -> (-1, -1)
identifier -> (39, 0)
< -> (-1, -1)
= -> (-1, -1)
identifier -> (41, 0)
then -> (-1, -1)
identifier -> (42, 0)
= -> (-1, -1)
identifier -> (39, 0)
; -> (-1, -1)
else -> (-1, -1)
identifier -> (42, 0)
= -> (-1, -1)
identifier -> (41, 0)
; -> (-1, -1)
endif -> (-1, -1)
endif -> (-1, -1)
write -> (-1, -1)
identifier -> (44, 0)
; -> (-1, -1)
write -> (-1, -1)
identifier -> (42, 0)
; -> (-1, -1)
endprogram -> (-1, -1)
