startprogram -> (-1, -1)
var -> (-1, -1)
integer -> (-1, -1)
identifier -> (7, 0)
, -> (-1, -1)
identifier -> (11, 0)
, -> (-1, -1)
identifier -> (24, 0)
, -> (-1, -1)
identifier -> (0, 0)
; -> (-1, -1)
identifier -> (7, 0)
= -> (-1, -1)
int const -> (13, 0)
; -> (-1, -1)
identifier -> (24, 0)
= -> (-1, -1)
int const -> (1, 0)
; -> (-1, -1)
identifier -> (0, 0)
= -> (-1, -1)
int const -> (0, 0)
; -> (-1, -1)
if -> (-1, -1)
identifier -> (7, 0)
< -> (-1, -1)
= -> (-1, -1)
int const -> (1, 0)
then -> (-1, -1)
identifier -> (24, 0)
= -> (-1, -1)
int const -> (0, 0)
; -> (-1, -1)
else -> (-1, -1)
for -> (-1, -1)
identifier -> (11, 0)
= -> (-1, -1)
int const -> (2, 0)
to -> (-1, -1)
identifier -> (7, 0)
- -> (-1, -1)
int const -> (1, 0)
do -> (-1, -1)
if -> (-1, -1)
identifier -> (7, 0)
int const -> (0, 0)
identifier -> (11, 0)
= -> (-1, -1)
int const -> (0, 0)
then -> (-1, -1)
identifier -> (24, 0)
= -> (-1, -1)
int const -> (0, 0)
; -> (-1, -1)
endif -> (-1, -1)
endfor -> (-1, -1)
endif -> (-1, -1)
if -> (-1, -1)
identifier -> (24, 0)
= -> (-1, -1)
int const -> (1, 0)
then -> (-1, -1)
write -> (-1, -1)
identifier -> (7, 0)
; -> (-1, -1)
else -> (-1, -1)
write -> (-1, -1)
identifier -> (0, 0)
; -> (-1, -1)
endif -> (-1, -1)
endprogram -> (-1, -1)
