startprogram -> (-1, -1)
var -> (-1, -1)
integer -> (-1, -1)
identifier -> (16, 0)
, -> (-1, -1)
identifier -> (11, 0)
, -> (-1, -1)
identifier -> (7, 0)
, -> (-1, -1)
identifier -> (12, 0)
, -> (-1, -1)
identifier -> (44, 0)
, -> (-1, -1)
identifier -> (42, 0)
; -> (-1, -1)
var -> (-1, -1)
string -> (-1, -1)
identifier -> (26, 0)
; -> (-1, -1)
identifier -> (26, 0)
= -> (-1, -1)
identifier -> (16, 1)
; -> (-1, -1)
identifier -> (16, 0)
= -> (-1, -1)
int const -> (5, 0)
; -> (-1, -1)
identifier -> (12, 0)
= -> (-1, -1)
int const -> (0, 0)
; -> (-1, -1)
identifier -> (44, 0)
= -> (-1, -1)
- -> (-1, -1)
int const -> (36, 0)
; -> (-1, -1)
identifier -> (42, 0)
= -> (-1, -1)
int const -> (36, 0)
; -> (-1, -1)
for -> (-1, -1)
identifier -> (11, 0)
= -> (-1, -1)
int const -> (1, 0)
to -> (-1, -1)
identifier -> (16, 0)
do -> (-1, -1)
read -> (-1, -1)
identifier -> (7, 0)
; -> (-1, -1)
identifier -> (12, 0)
= -> (-1, -1)
identifier -> (12, 0)
+ -> (-1, -1)
identifier -> (7, 0)
; -> (-1, -1)
if -> (-1, -1)
identifier -> (7, 0)
> -> (-1, -1)
identifier -> (44, 0)
then -> (-1, -1)
identifier -> (44, 0)
= -> (-1, -1)
identifier -> (7, 0)
; -> (-1, -1)
endif -> (-1, -1)
if -> (-1, -1)
identifier -> (7, 0)
< -> (-1, -1)
identifier -> (42, 0)
then -> (-1, -1)
identifier -> (42, 0)
= -> (-1, -1)
identifier -> (7, 0)
; -> (-1, -1)
endif -> (-1, -1)
endfor -> (-1, -1)
write -> (-1, -1)
identifier -> (12, 0)
; -> (-1, -1)
write -> (-1, -1)
identifier -> (44, 0)
; -> (-1, -1)
write -> (-1, -1)
identifier -> (42, 0)
; -> (-1, -1)
write -> (-1, -1)
str const -> (4, 0)
; -> (-1, -1)
endprogram -> (-1, -1)
